# JRE version: Java(TM) SE Runtime Environment (8.0_144-b01) (build 1.8.0_144-b01)
# Java VM: Java HotSpot(TM) 64-Bit Server VM (25.144-b01 mixed mode windows-amd64 compressed oops)
Heap:
 PSYoungGen      total 68096K, used 28753K [0x00000000e0000000, 0x00000000e5d00000, 0x0000000100000000)
  eden space 50688K, 28% used [0x00000000e0000000,0x00000000e0dddf20,0x00000000e3180000)
  from space 17408K, 83% used [0x00000000e3180000,0x00000000e3fb66c8,0x00000000e4280000)
  to   space 19968K, 0% used [0x00000000e4980000,0x00000000e4980000,0x00000000e5d00000)
 ParOldGen       total 110592K, used 57730K [0x00000000a0000000, 0x00000000a6c00000, 0x00000000e0000000)
  object space 110592K, 52% used [0x00000000a0000000,0x00000000a3860a30,0x00000000a6c00000)
 Metaspace       used 34918K, capacity 35496K, committed 35712K, reserved 1081344K
  class space    used 4569K, capacity 4724K, committed 4736K, reserved 1048576K
GC Heap History (10 events):
Event: 3.471 GC heap before
{Heap before GC invocations=7 (full 3):
 PSYoungGen      total 53248K, used 5119K [0x00000000e0000000, 0x00000000e4b00000, 0x0000000100000000)
  eden space 48128K, 0% used [0x00000000e0000000,0x00000000e0000000,0x00000000e2f00000)
  from space 5120K, 99% used [0x00000000e4600000,0x00000000e4affe28,0x00000000e4b00000)
  to   space 5120K, 0% used [0x00000000e4100000,0x00000000e4100000,0x00000000e4600000)
 ParOldGen       total 69120K, used 61685K [0x00000000a0000000, 0x00000000a4380000, 0x00000000e0000000)
  object space 69120K, 89% used [0x00000000a0000000,0x00000000a3c3d7c8,0x00000000a4380000)
 Metaspace       used 25053K, capacity 25382K, committed 25856K, reserved 1071104K
  class space    used 3385K, capacity 3485K, committed 3584K, reserved 1048576K
Event: 3.545 GC heap after
Heap after GC invocations=7 (full 3):
 PSYoungGen      total 53248K, used 0K [0x00000000e0000000, 0x00000000e4b00000, 0x0000000100000000)
  eden space 48128K, 0% used [0x00000000e0000000,0x00000000e0000000,0x00000000e2f00000)
  from space 5120K, 0% used [0x00000000e4600000,0x00000000e4600000,0x00000000e4b00000)
  to   space 5120K, 0% used [0x00000000e4100000,0x00000000e4100000,0x00000000e4600000)
 ParOldGen       total 69120K, used 61530K [0x00000000a0000000, 0x00000000a4380000, 0x00000000e0000000)
  object space 69120K, 89% used [0x00000000a0000000,0x00000000a3c16800,0x00000000a4380000)
 Metaspace       used 25053K, capacity 25382K, committed 25856K, reserved 1071104K
  class space    used 3385K, capacity 3485K, committed 3584K, reserved 1048576K
}
Event: 3.596 GC heap before
{Heap before GC invocations=8 (full 4):
 PSYoungGen      total 53248K, used 29246K [0x00000000e0000000, 0x00000000e4b00000, 0x0000000100000000)
  eden space 48128K, 60% used [0x00000000e0000000,0x00000000e1c8fa58,0x00000000e2f00000)
  from space 5120K, 0% used [0x00000000e4600000,0x00000000e4600000,0x00000000e4b00000)
  to   space 5120K, 0% used [0x00000000e4100000,0x00000000e4100000,0x00000000e4600000)
 ParOldGen       total 110592K, used 102557K [0x00000000a0000000, 0x00000000a6c00000, 0x00000000e0000000)
  object space 110592K, 92% used [0x00000000a0000000,0x00000000a6427668,0x00000000a6c00000)
 Metaspace       used 25086K, capacity 25474K, committed 25856K, reserved 1071104K
  class space    used 3397K, capacity 3493K, committed 3584K, reserved 1048576K
Event: 3.633 GC heap after
Heap after GC invocations=8 (full 4):
 PSYoungGen      total 53248K, used 0K [0x00000000e0000000, 0x00000000e4b00000, 0x0000000100000000)
  eden space 48128K, 0% used [0x00000000e0000000,0x00000000e0000000,0x00000000e2f00000)
  from space 5120K, 0% used [0x00000000e4600000,0x00000000e4600000,0x00000000e4b00000)
  to   space 5120K, 0% used [0x00000000e4100000,0x00000000e4100000,0x00000000e4600000)
 ParOldGen       total 110592K, used 16678K [0x00000000a0000000, 0x00000000a6c00000, 0x00000000e0000000)
  object space 110592K, 15% used [0x00000000a0000000,0x00000000a1049bc8,0x00000000a6c00000)
 Metaspace       used 25086K, capacity 25474K, committed 25856K, reserved 1071104K
  class space    used 3397K, capacity 3493K, committed 3584K, reserved 1048576K
}
Event: 3.806 GC heap before
{Heap before GC invocations=9 (full 4):
 PSYoungGen      total 53248K, used 48128K [0x00000000e0000000, 0x00000000e4b00000, 0x0000000100000000)
  eden space 48128K, 100% used [0x00000000e0000000,0x00000000e2f00000,0x00000000e2f00000)
  from space 5120K, 0% used [0x00000000e4600000,0x00000000e4600000,0x00000000e4b00000)
  to   space 5120K, 0% used [0x00000000e4100000,0x00000000e4100000,0x00000000e4600000)
 ParOldGen       total 110592K, used 16678K [0x00000000a0000000, 0x00000000a6c00000, 0x00000000e0000000)
  object space 110592K, 15% used [0x00000000a0000000,0x00000000a1049bc8,0x00000000a6c00000)
 Metaspace       used 25235K, capacity 25638K, committed 25856K, reserved 1071104K
  class space    used 3405K, capacity 3525K, committed 3584K, reserved 1048576K
Event: 3.817 GC heap after
Heap after GC invocations=9 (full 4):
 PSYoungGen      total 54784K, used 1095K [0x00000000e0000000, 0x00000000e4680000, 0x0000000100000000)
  eden space 53248K, 0% used [0x00000000e0000000,0x00000000e0000000,0x00000000e3400000)
  from space 1536K, 71% used [0x00000000e4100000,0x00000000e4211d60,0x00000000e4280000)
  to   space 4096K, 0% used [0x00000000e4280000,0x00000000e4280000,0x00000000e4680000)
 ParOldGen       total 110592K, used 57714K [0x00000000a0000000, 0x00000000a6c00000, 0x00000000e0000000)
  object space 110592K, 52% used [0x00000000a0000000,0x00000000a385ca30,0x00000000a6c00000)
 Metaspace       used 25235K, capacity 25638K, committed 25856K, reserved 1071104K
  class space    used 3405K, capacity 3525K, committed 3584K, reserved 1048576K
}
Event: 5.507 GC heap before
{Heap before GC invocations=10 (full 4):
 PSYoungGen      total 54784K, used 54343K [0x00000000e0000000, 0x00000000e4680000, 0x0000000100000000)
  eden space 53248K, 100% used [0x00000000e0000000,0x00000000e3400000,0x00000000e3400000)
  from space 1536K, 71% used [0x00000000e4100000,0x00000000e4211d60,0x00000000e4280000)
  to   space 4096K, 0% used [0x00000000e4280000,0x00000000e4280000,0x00000000e4680000)
 ParOldGen       total 110592K, used 57714K [0x00000000a0000000, 0x00000000a6c00000, 0x00000000e0000000)
  object space 110592K, 52% used [0x00000000a0000000,0x00000000a385ca30,0x00000000a6c00000)
 Metaspace       used 26407K, capacity 26898K, committed 27264K, reserved 1073152K
  class space    used 3520K, capacity 3629K, committed 3712K, reserved 1048576K
Event: 5.514 GC heap after
Heap after GC invocations=10 (full 4):
 PSYoungGen      total 54784K, used 2928K [0x00000000e0000000, 0x00000000e5a80000, 0x0000000100000000)
  eden space 50688K, 0% used [0x00000000e0000000,0x00000000e0000000,0x00000000e3180000)
  from space 4096K, 71% used [0x00000000e4280000,0x00000000e455c2f8,0x00000000e4680000)
  to   space 17408K, 0% used [0x00000000e3180000,0x00000000e3180000,0x00000000e4280000)
 ParOldGen       total 110592K, used 57722K [0x00000000a0000000, 0x00000000a6c00000, 0x00000000e0000000)
  object space 110592K, 52% used [0x00000000a0000000,0x00000000a385ea30,0x00000000a6c00000)
 Metaspace       used 26407K, capacity 26898K, committed 27264K, reserved 1073152K
  class space    used 3520K, capacity 3629K, committed 3712K, reserved 1048576K
}
Event: 6.626 GC heap before
{Heap before GC invocations=11 (full 4):
 PSYoungGen      total 54784K, used 53616K [0x00000000e0000000, 0x00000000e5a80000, 0x0000000100000000)
  eden space 50688K, 100% used [0x00000000e0000000,0x00000000e3180000,0x00000000e3180000)
  from space 4096K, 71% used [0x00000000e4280000,0x00000000e455c2f8,0x00000000e4680000)
  to   space 17408K, 0% used [0x00000000e3180000,0x00000000e3180000,0x00000000e4280000)
 ParOldGen       total 110592K, used 57722K [0x00000000a0000000, 0x00000000a6c00000, 0x00000000e0000000)
  object space 110592K, 52% used [0x00000000a0000000,0x00000000a385ea30,0x00000000a6c00000)
 Metaspace       used 32720K, capacity 33282K, committed 33664K, reserved 1079296K
  class space    used 4255K, capacity 4397K, committed 4480K, reserved 1048576K
Event: 6.646 GC heap after
Heap after GC invocations=11 (full 4):
 PSYoungGen      total 68096K, used 14553K [0x00000000e0000000, 0x00000000e5d00000, 0x0000000100000000)
  eden space 50688K, 0% used [0x00000000e0000000,0x00000000e0000000,0x00000000e3180000)
  from space 17408K, 83% used [0x00000000e3180000,0x00000000e3fb66c8,0x00000000e4280000)
  to   space 19968K, 0% used [0x00000000e4980000,0x00000000e4980000,0x00000000e5d00000)
 ParOldGen       total 110592K, used 57730K [0x00000000a0000000, 0x00000000a6c00000, 0x00000000e0000000)
  object space 110592K, 52% used [0x00000000a0000000,0x00000000a3860a30,0x00000000a6c00000)
 Metaspace       used 32720K, capacity 33282K, committed 33664K, reserved 1079296K
  class space    used 4255K, capacity 4397K, committed 4480K, reserved 1048576K
}

