# JRE version: Java(TM) SE Runtime Environment (8.0_144-b01) (build 1.8.0_144-b01)
# Java VM: Java HotSpot(TM) 64-Bit Server VM (25.144-b01 mixed mode windows-amd64 compressed oops)
Heap:
 PSYoungGen      total 87552K, used 21959K [0x00000000e0000000, 0x00000000e7800000, 0x0000000100000000)
  eden space 57856K, 36% used [0x00000000e0000000,0x00000000e14d1dc0,0x00000000e3880000)
  from space 29696K, 2% used [0x00000000e3880000,0x00000000e3920000,0x00000000e5580000)
  to   space 29696K, 0% used [0x00000000e5b00000,0x00000000e5b00000,0x00000000e7800000)
 ParOldGen       total 66560K, used 52019K [0x00000000a0000000, 0x00000000a4100000, 0x00000000e0000000)
  object space 66560K, 78% used [0x00000000a0000000,0x00000000a32ccf30,0x00000000a4100000)
 Metaspace       used 47134K, capacity 47980K, committed 48512K, reserved 1091584K
  class space    used 5964K, capacity 6166K, committed 6272K, reserved 1048576K
GC Heap History (10 events):
Event: 14.060 GC heap before
{Heap before GC invocations=26 (full 9):
 PSYoungGen      total 69632K, used 51697K [0x00000000e0000000, 0x00000000e5c80000, 0x0000000100000000)
  eden space 54784K, 94% used [0x00000000e0000000,0x00000000e327c778,0x00000000e3580000)
  from space 14848K, 0% used [0x00000000e4680000,0x00000000e4680000,0x00000000e5500000)
  to   space 17408K, 0% used [0x00000000e3580000,0x00000000e3580000,0x00000000e4680000)
 ParOldGen       total 66560K, used 38394K [0x00000000a0000000, 0x00000000a4100000, 0x00000000e0000000)
  object space 66560K, 57% used [0x00000000a0000000,0x00000000a257ebc8,0x00000000a4100000)
 Metaspace       used 44803K, capacity 45582K, committed 45952K, reserved 1089536K
  class space    used 5686K, capacity 5891K, committed 6016K, reserved 1048576K
Event: 14.066 GC heap after
Heap after GC invocations=26 (full 9):
 PSYoungGen      total 69632K, used 51697K [0x00000000e0000000, 0x00000000e5c80000, 0x0000000100000000)
  eden space 54784K, 94% used [0x00000000e0000000,0x00000000e327c778,0x00000000e3580000)
  from space 14848K, 0% used [0x00000000e4680000,0x00000000e4680000,0x00000000e5500000)
  to   space 17408K, 60% used [0x00000000e3580000,0x00000000e3fb43a8,0x00000000e4680000)
 ParOldGen       total 66560K, used 38394K [0x00000000a0000000, 0x00000000a4100000, 0x00000000e0000000)
  object space 66560K, 57% used [0x00000000a0000000,0x00000000a257ebc8,0x00000000a4100000)
 Metaspace       used 44803K, capacity 45582K, committed 45952K, reserved 1089536K
  class space    used 5686K, capacity 5891K, committed 6016K, reserved 1048576K
}
Event: 14.066 GC heap before
{Heap before GC invocations=27 (full 10):
 PSYoungGen      total 69632K, used 51697K [0x00000000e0000000, 0x00000000e5c80000, 0x0000000100000000)
  eden space 54784K, 94% used [0x00000000e0000000,0x00000000e327c778,0x00000000e3580000)
  from space 14848K, 0% used [0x00000000e4680000,0x00000000e4680000,0x00000000e5500000)
  to   space 17408K, 60% used [0x00000000e3580000,0x00000000e3fb43a8,0x00000000e4680000)
 ParOldGen       total 66560K, used 38394K [0x00000000a0000000, 0x00000000a4100000, 0x00000000e0000000)
  object space 66560K, 57% used [0x00000000a0000000,0x00000000a257ebc8,0x00000000a4100000)
 Metaspace       used 44803K, capacity 45582K, committed 45952K, reserved 1089536K
  class space    used 5686K, capacity 5891K, committed 6016K, reserved 1048576K
Event: 14.290 GC heap after
Heap after GC invocations=27 (full 10):
 PSYoungGen      total 69632K, used 51377K [0x00000000e0000000, 0x00000000e5c80000, 0x0000000100000000)
  eden space 54784K, 93% used [0x00000000e0000000,0x00000000e322c680,0x00000000e3580000)
  from space 14848K, 0% used [0x00000000e4680000,0x00000000e4680000,0x00000000e5500000)
  to   space 17408K, 0% used [0x00000000e3580000,0x00000000e3580000,0x00000000e4680000)
 ParOldGen       total 66560K, used 37848K [0x00000000a0000000, 0x00000000a4100000, 0x00000000e0000000)
  object space 66560K, 56% used [0x00000000a0000000,0x00000000a24f6278,0x00000000a4100000)
 Metaspace       used 44803K, capacity 45582K, committed 45952K, reserved 1089536K
  class space    used 5686K, capacity 5891K, committed 6016K, reserved 1048576K
}
Event: 14.314 GC heap before
{Heap before GC invocations=28 (full 10):
 PSYoungGen      total 69632K, used 53328K [0x00000000e0000000, 0x00000000e5c80000, 0x0000000100000000)
  eden space 54784K, 97% used [0x00000000e0000000,0x00000000e3414380,0x00000000e3580000)
  from space 14848K, 0% used [0x00000000e4680000,0x00000000e4680000,0x00000000e5500000)
  to   space 17408K, 0% used [0x00000000e3580000,0x00000000e3580000,0x00000000e4680000)
 ParOldGen       total 66560K, used 52011K [0x00000000a0000000, 0x00000000a4100000, 0x00000000e0000000)
  object space 66560K, 78% used [0x00000000a0000000,0x00000000a32caf30,0x00000000a4100000)
 Metaspace       used 45029K, capacity 45818K, committed 46208K, reserved 1089536K
  class space    used 5723K, capacity 5925K, committed 6016K, reserved 1048576K
Event: 14.330 GC heap after
Heap after GC invocations=28 (full 10):
 PSYoungGen      total 72192K, used 433K [0x00000000e0000000, 0x00000000e7280000, 0x0000000100000000)
  eden space 54784K, 0% used [0x00000000e0000000,0x00000000e0000000,0x00000000e3580000)
  from space 17408K, 2% used [0x00000000e3580000,0x00000000e35ec438,0x00000000e4680000)
  to   space 29696K, 0% used [0x00000000e5580000,0x00000000e5580000,0x00000000e7280000)
 ParOldGen       total 66560K, used 52011K [0x00000000a0000000, 0x00000000a4100000, 0x00000000e0000000)
  object space 66560K, 78% used [0x00000000a0000000,0x00000000a32caf30,0x00000000a4100000)
 Metaspace       used 45029K, capacity 45818K, committed 46208K, reserved 1089536K
  class space    used 5723K, capacity 5925K, committed 6016K, reserved 1048576K
}
Event: 14.334 GC heap before
{Heap before GC invocations=29 (full 10):
 PSYoungGen      total 72192K, used 45899K [0x00000000e0000000, 0x00000000e7280000, 0x0000000100000000)
  eden space 54784K, 82% used [0x00000000e0000000,0x00000000e2c66bb0,0x00000000e3580000)
  from space 17408K, 2% used [0x00000000e3580000,0x00000000e35ec438,0x00000000e4680000)
  to   space 29696K, 0% used [0x00000000e5580000,0x00000000e5580000,0x00000000e7280000)
 ParOldGen       total 66560K, used 52011K [0x00000000a0000000, 0x00000000a4100000, 0x00000000e0000000)
  object space 66560K, 78% used [0x00000000a0000000,0x00000000a32caf30,0x00000000a4100000)
 Metaspace       used 45033K, capacity 45824K, committed 46208K, reserved 1089536K
  class space    used 5725K, capacity 5926K, committed 6016K, reserved 1048576K
Event: 14.337 GC heap after
Heap after GC invocations=29 (full 10):
 PSYoungGen      total 87552K, used 128K [0x00000000e0000000, 0x00000000e7580000, 0x0000000100000000)
  eden space 57856K, 0% used [0x00000000e0000000,0x00000000e0000000,0x00000000e3880000)
  from space 29696K, 0% used [0x00000000e5580000,0x00000000e55a0000,0x00000000e7280000)
  to   space 29696K, 0% used [0x00000000e3880000,0x00000000e3880000,0x00000000e5580000)
 ParOldGen       total 66560K, used 52011K [0x00000000a0000000, 0x00000000a4100000, 0x00000000e0000000)
  object space 66560K, 78% used [0x00000000a0000000,0x00000000a32caf30,0x00000000a4100000)
 Metaspace       used 45033K, capacity 45824K, committed 46208K, reserved 1089536K
  class space    used 5725K, capacity 5926K, committed 6016K, reserved 1048576K
}
Event: 14.424 GC heap before
{Heap before GC invocations=30 (full 10):
 PSYoungGen      total 87552K, used 57984K [0x00000000e0000000, 0x00000000e7580000, 0x0000000100000000)
  eden space 57856K, 100% used [0x00000000e0000000,0x00000000e3880000,0x00000000e3880000)
  from space 29696K, 0% used [0x00000000e5580000,0x00000000e55a0000,0x00000000e7280000)
  to   space 29696K, 0% used [0x00000000e3880000,0x00000000e3880000,0x00000000e5580000)
 ParOldGen       total 66560K, used 52011K [0x00000000a0000000, 0x00000000a4100000, 0x00000000e0000000)
  object space 66560K, 78% used [0x00000000a0000000,0x00000000a32caf30,0x00000000a4100000)
 Metaspace       used 45237K, capacity 46050K, committed 46464K, reserved 1089536K
  class space    used 5751K, capacity 5959K, committed 6016K, reserved 1048576K
Event: 14.428 GC heap after
Heap after GC invocations=30 (full 10):
 PSYoungGen      total 87552K, used 640K [0x00000000e0000000, 0x00000000e7800000, 0x0000000100000000)
  eden space 57856K, 0% used [0x00000000e0000000,0x00000000e0000000,0x00000000e3880000)
  from space 29696K, 2% used [0x00000000e3880000,0x00000000e3920000,0x00000000e5580000)
  to   space 29696K, 0% used [0x00000000e5b00000,0x00000000e5b00000,0x00000000e7800000)
 ParOldGen       total 66560K, used 52019K [0x00000000a0000000, 0x00000000a4100000, 0x00000000e0000000)
  object space 66560K, 78% used [0x00000000a0000000,0x00000000a32ccf30,0x00000000a4100000)
 Metaspace       used 45237K, capacity 46050K, committed 46464K, reserved 1089536K
  class space    used 5751K, capacity 5959K, committed 6016K, reserved 1048576K
}

