# JRE version: Java(TM) SE Runtime Environment (8.0_144-b01) (build 1.8.0_144-b01)
# Java VM: Java HotSpot(TM) 64-Bit Server VM (25.144-b01 mixed mode windows-amd64 compressed oops)
Heap:
 PSYoungGen      total 62976K, used 46784K [0x00000000e0000000, 0x00000000e7900000, 0x0000000100000000)
  eden space 57856K, 76% used [0x00000000e0000000,0x00000000e2b5b668,0x00000000e3880000)
  from space 5120K, 46% used [0x00000000e4980000,0x00000000e4bd4d10,0x00000000e4e80000)
  to   space 17408K, 0% used [0x00000000e3880000,0x00000000e3880000,0x00000000e4980000)
 ParOldGen       total 122368K, used 72782K [0x00000000a0000000, 0x00000000a7780000, 0x00000000e0000000)
  object space 122368K, 59% used [0x00000000a0000000,0x00000000a4713b80,0x00000000a7780000)
 Metaspace       used 32510K, capacity 33046K, committed 33408K, reserved 1079296K
  class space    used 4233K, capacity 4395K, committed 4480K, reserved 1048576K
GC Heap History (10 events):
Event: 3.250 GC heap before
{Heap before GC invocations=5 (full 2):
 PSYoungGen      total 38400K, used 5090K [0x00000000e0000000, 0x00000000e4b00000, 0x0000000100000000)
  eden space 33280K, 0% used [0x00000000e0000000,0x00000000e0000000,0x00000000e2080000)
  from space 5120K, 99% used [0x00000000e2080000,0x00000000e25789e0,0x00000000e2580000)
  to   space 5120K, 0% used [0x00000000e4600000,0x00000000e4600000,0x00000000e4b00000)
 ParOldGen       total 87552K, used 8952K [0x00000000a0000000, 0x00000000a5580000, 0x00000000e0000000)
  object space 87552K, 10% used [0x00000000a0000000,0x00000000a08be160,0x00000000a5580000)
 Metaspace       used 20717K, capacity 21046K, committed 21248K, reserved 1067008K
  class space    used 2652K, capacity 2749K, committed 2816K, reserved 1048576K
Event: 3.290 GC heap after
Heap after GC invocations=5 (full 2):
 PSYoungGen      total 38400K, used 0K [0x00000000e0000000, 0x00000000e4b00000, 0x0000000100000000)
  eden space 33280K, 0% used [0x00000000e0000000,0x00000000e0000000,0x00000000e2080000)
  from space 5120K, 0% used [0x00000000e2080000,0x00000000e2080000,0x00000000e2580000)
  to   space 5120K, 0% used [0x00000000e4600000,0x00000000e4600000,0x00000000e4b00000)
 ParOldGen       total 68608K, used 10164K [0x00000000a0000000, 0x00000000a4300000, 0x00000000e0000000)
  object space 68608K, 14% used [0x00000000a0000000,0x00000000a09ed338,0x00000000a4300000)
 Metaspace       used 20717K, capacity 21046K, committed 21248K, reserved 1067008K
  class space    used 2652K, capacity 2749K, committed 2816K, reserved 1048576K
}
Event: 8.960 GC heap before
{Heap before GC invocations=6 (full 2):
 PSYoungGen      total 38400K, used 33280K [0x00000000e0000000, 0x00000000e4b00000, 0x0000000100000000)
  eden space 33280K, 100% used [0x00000000e0000000,0x00000000e2080000,0x00000000e2080000)
  from space 5120K, 0% used [0x00000000e2080000,0x00000000e2080000,0x00000000e2580000)
  to   space 5120K, 0% used [0x00000000e4600000,0x00000000e4600000,0x00000000e4b00000)
 ParOldGen       total 68608K, used 10164K [0x00000000a0000000, 0x00000000a4300000, 0x00000000e0000000)
  object space 68608K, 14% used [0x00000000a0000000,0x00000000a09ed338,0x00000000a4300000)
 Metaspace       used 25260K, capacity 25616K, committed 26112K, reserved 1071104K
  class space    used 3381K, capacity 3482K, committed 3584K, reserved 1048576K
Event: 9.007 GC heap after
Heap after GC invocations=6 (full 2):
 PSYoungGen      total 51200K, used 5104K [0x00000000e0000000, 0x00000000e4b00000, 0x0000000100000000)
  eden space 46080K, 0% used [0x00000000e0000000,0x00000000e0000000,0x00000000e2d00000)
  from space 5120K, 99% used [0x00000000e4600000,0x00000000e4afc3b0,0x00000000e4b00000)
  to   space 5120K, 0% used [0x00000000e4100000,0x00000000e4100000,0x00000000e4600000)
 ParOldGen       total 68608K, used 17583K [0x00000000a0000000, 0x00000000a4300000, 0x00000000e0000000)
  object space 68608K, 25% used [0x00000000a0000000,0x00000000a112be20,0x00000000a4300000)
 Metaspace       used 25260K, capacity 25616K, committed 26112K, reserved 1071104K
  class space    used 3381K, capacity 3482K, committed 3584K, reserved 1048576K
}
Event: 9.791 GC heap before
{Heap before GC invocations=7 (full 2):
 PSYoungGen      total 51200K, used 49629K [0x00000000e0000000, 0x00000000e4b00000, 0x0000000100000000)
  eden space 46080K, 96% used [0x00000000e0000000,0x00000000e2b7b250,0x00000000e2d00000)
  from space 5120K, 99% used [0x00000000e4600000,0x00000000e4afc3b0,0x00000000e4b00000)
  to   space 5120K, 0% used [0x00000000e4100000,0x00000000e4100000,0x00000000e4600000)
 ParOldGen       total 110080K, used 99638K [0x00000000a0000000, 0x00000000a6b80000, 0x00000000e0000000)
  object space 110080K, 90% used [0x00000000a0000000,0x00000000a614daf0,0x00000000a6b80000)
 Metaspace       used 25577K, capacity 25986K, committed 26368K, reserved 1073152K
  class space    used 3419K, capacity 3531K, committed 3584K, reserved 1048576K
Event: 9.828 GC heap after
Heap after GC invocations=7 (full 2):
 PSYoungGen      total 71680K, used 5117K [0x00000000e0000000, 0x00000000e4e80000, 0x0000000100000000)
  eden space 66560K, 0% used [0x00000000e0000000,0x00000000e0000000,0x00000000e4100000)
  from space 5120K, 99% used [0x00000000e4100000,0x00000000e45ff670,0x00000000e4600000)
  to   space 5120K, 0% used [0x00000000e4980000,0x00000000e4980000,0x00000000e4e80000)
 ParOldGen       total 110080K, used 107633K [0x00000000a0000000, 0x00000000a6b80000, 0x00000000e0000000)
  object space 110080K, 97% used [0x00000000a0000000,0x00000000a691c520,0x00000000a6b80000)
 Metaspace       used 25577K, capacity 25986K, committed 26368K, reserved 1073152K
  class space    used 3419K, capacity 3531K, committed 3584K, reserved 1048576K
}
Event: 9.828 GC heap before
{Heap before GC invocations=8 (full 3):
 PSYoungGen      total 71680K, used 5117K [0x00000000e0000000, 0x00000000e4e80000, 0x0000000100000000)
  eden space 66560K, 0% used [0x00000000e0000000,0x00000000e0000000,0x00000000e4100000)
  from space 5120K, 99% used [0x00000000e4100000,0x00000000e45ff670,0x00000000e4600000)
  to   space 5120K, 0% used [0x00000000e4980000,0x00000000e4980000,0x00000000e4e80000)
 ParOldGen       total 110080K, used 107633K [0x00000000a0000000, 0x00000000a6b80000, 0x00000000e0000000)
  object space 110080K, 97% used [0x00000000a0000000,0x00000000a691c520,0x00000000a6b80000)
 Metaspace       used 25577K, capacity 25986K, committed 26368K, reserved 1073152K
  class space    used 3419K, capacity 3531K, committed 3584K, reserved 1048576K
Event: 10.138 GC heap after
Heap after GC invocations=8 (full 3):
 PSYoungGen      total 71680K, used 0K [0x00000000e0000000, 0x00000000e4e80000, 0x0000000100000000)
  eden space 66560K, 0% used [0x00000000e0000000,0x00000000e0000000,0x00000000e4100000)
  from space 5120K, 0% used [0x00000000e4100000,0x00000000e4100000,0x00000000e4600000)
  to   space 5120K, 0% used [0x00000000e4980000,0x00000000e4980000,0x00000000e4e80000)
 ParOldGen       total 122368K, used 21490K [0x00000000a0000000, 0x00000000a7780000, 0x00000000e0000000)
  object space 122368K, 17% used [0x00000000a0000000,0x00000000a14fc970,0x00000000a7780000)
 Metaspace       used 25577K, capacity 25986K, committed 26368K, reserved 1073152K
  class space    used 3419K, capacity 3531K, committed 3584K, reserved 1048576K
}
Event: 11.532 GC heap before
{Heap before GC invocations=9 (full 3):
 PSYoungGen      total 71680K, used 66560K [0x00000000e0000000, 0x00000000e4e80000, 0x0000000100000000)
  eden space 66560K, 100% used [0x00000000e0000000,0x00000000e4100000,0x00000000e4100000)
  from space 5120K, 0% used [0x00000000e4100000,0x00000000e4100000,0x00000000e4600000)
  to   space 5120K, 0% used [0x00000000e4980000,0x00000000e4980000,0x00000000e4e80000)
 ParOldGen       total 122368K, used 21490K [0x00000000a0000000, 0x00000000a7780000, 0x00000000e0000000)
  object space 122368K, 17% used [0x00000000a0000000,0x00000000a14fc970,0x00000000a7780000)
 Metaspace       used 27338K, capacity 27886K, committed 28160K, reserved 1073152K
  class space    used 3647K, capacity 3811K, committed 3840K, reserved 1048576K
Event: 11.543 GC heap after
Heap after GC invocations=9 (full 3):
 PSYoungGen      total 62976K, used 2387K [0x00000000e0000000, 0x00000000e7900000, 0x0000000100000000)
  eden space 57856K, 0% used [0x00000000e0000000,0x00000000e0000000,0x00000000e3880000)
  from space 5120K, 46% used [0x00000000e4980000,0x00000000e4bd4d10,0x00000000e4e80000)
  to   space 17408K, 0% used [0x00000000e3880000,0x00000000e3880000,0x00000000e4980000)
 ParOldGen       total 122368K, used 72782K [0x00000000a0000000, 0x00000000a7780000, 0x00000000e0000000)
  object space 122368K, 59% used [0x00000000a0000000,0x00000000a4713b80,0x00000000a7780000)
 Metaspace       used 27338K, capacity 27886K, committed 28160K, reserved 1073152K
  class space    used 3647K, capacity 3811K, committed 3840K, reserved 1048576K
}

