# JRE version: Java(TM) SE Runtime Environment (8.0_144-b01) (build 1.8.0_144-b01)
# Java VM: Java HotSpot(TM) 64-Bit Server VM (25.144-b01 mixed mode windows-amd64 compressed oops)
Heap:
 PSYoungGen      total 114688K, used 23034K [0x00000000e0000000, 0x00000000eaf80000, 0x0000000100000000)
  eden space 102912K, 22% used [0x00000000e0000000,0x00000000e167ebb0,0x00000000e6480000)
  from space 11776K, 0% used [0x00000000e6480000,0x00000000e6480000,0x00000000e7000000)
  to   space 11264K, 0% used [0x00000000ea480000,0x00000000ea480000,0x00000000eaf80000)
 ParOldGen       total 69120K, used 14995K [0x00000000a0000000, 0x00000000a4380000, 0x00000000e0000000)
  object space 69120K, 21% used [0x00000000a0000000,0x00000000a0ea4c80,0x00000000a4380000)
 Metaspace       used 36575K, capacity 37288K, committed 37376K, reserved 1081344K
  class space    used 5138K, capacity 5370K, committed 5376K, reserved 1048576K
GC Heap History (10 events):
Event: 27.241 GC heap before
{Heap before GC invocations=7 (full 1):
 PSYoungGen      total 38400K, used 33280K [0x00000000e0000000, 0x00000000e5500000, 0x0000000100000000)
  eden space 33280K, 100% used [0x00000000e0000000,0x00000000e2080000,0x00000000e2080000)
  from space 5120K, 0% used [0x00000000e2080000,0x00000000e2080000,0x00000000e2580000)
  to   space 10240K, 0% used [0x00000000e4b00000,0x00000000e4b00000,0x00000000e5500000)
 ParOldGen       total 53248K, used 8212K [0x00000000a0000000, 0x00000000a3400000, 0x00000000e0000000)
  object space 53248K, 15% used [0x00000000a0000000,0x00000000a0805370,0x00000000a3400000)
 Metaspace       used 24205K, capacity 24684K, committed 24832K, reserved 1071104K
  class space    used 3398K, capacity 3531K, committed 3584K, reserved 1048576K
Event: 27.262 GC heap after
Heap after GC invocations=7 (full 1):
 PSYoungGen      total 64000K, used 4249K [0x00000000e0000000, 0x00000000e4f80000, 0x0000000100000000)
  eden space 59392K, 0% used [0x00000000e0000000,0x00000000e0000000,0x00000000e3a00000)
  from space 4608K, 92% used [0x00000000e4b00000,0x00000000e4f26700,0x00000000e4f80000)
  to   space 10240K, 0% used [0x00000000e3b80000,0x00000000e3b80000,0x00000000e4580000)
 ParOldGen       total 53248K, used 8220K [0x00000000a0000000, 0x00000000a3400000, 0x00000000e0000000)
  object space 53248K, 15% used [0x00000000a0000000,0x00000000a0807370,0x00000000a3400000)
 Metaspace       used 24205K, capacity 24684K, committed 24832K, reserved 1071104K
  class space    used 3398K, capacity 3531K, committed 3584K, reserved 1048576K
}
Event: 29.153 GC heap before
{Heap before GC invocations=8 (full 1):
 PSYoungGen      total 64000K, used 63641K [0x00000000e0000000, 0x00000000e4f80000, 0x0000000100000000)
  eden space 59392K, 100% used [0x00000000e0000000,0x00000000e3a00000,0x00000000e3a00000)
  from space 4608K, 92% used [0x00000000e4b00000,0x00000000e4f26700,0x00000000e4f80000)
  to   space 10240K, 0% used [0x00000000e3b80000,0x00000000e3b80000,0x00000000e4580000)
 ParOldGen       total 53248K, used 8220K [0x00000000a0000000, 0x00000000a3400000, 0x00000000e0000000)
  object space 53248K, 15% used [0x00000000a0000000,0x00000000a0807370,0x00000000a3400000)
 Metaspace       used 28101K, capacity 28652K, committed 28800K, reserved 1073152K
  class space    used 4008K, capacity 4189K, committed 4224K, reserved 1048576K
Event: 29.165 GC heap after
Heap after GC invocations=8 (full 1):
 PSYoungGen      total 71168K, used 7676K [0x00000000e0000000, 0x00000000e7a00000, 0x0000000100000000)
  eden space 60928K, 0% used [0x00000000e0000000,0x00000000e0000000,0x00000000e3b80000)
  from space 10240K, 74% used [0x00000000e3b80000,0x00000000e42ff070,0x00000000e4580000)
  to   space 10240K, 0% used [0x00000000e7000000,0x00000000e7000000,0x00000000e7a00000)
 ParOldGen       total 53248K, used 8228K [0x00000000a0000000, 0x00000000a3400000, 0x00000000e0000000)
  object space 53248K, 15% used [0x00000000a0000000,0x00000000a0809370,0x00000000a3400000)
 Metaspace       used 28101K, capacity 28652K, committed 28800K, reserved 1073152K
  class space    used 4008K, capacity 4189K, committed 4224K, reserved 1048576K
}
Event: 36.135 GC heap before
{Heap before GC invocations=9 (full 1):
 PSYoungGen      total 71168K, used 68604K [0x00000000e0000000, 0x00000000e7a00000, 0x0000000100000000)
  eden space 60928K, 100% used [0x00000000e0000000,0x00000000e3b80000,0x00000000e3b80000)
  from space 10240K, 74% used [0x00000000e3b80000,0x00000000e42ff070,0x00000000e4580000)
  to   space 10240K, 0% used [0x00000000e7000000,0x00000000e7000000,0x00000000e7a00000)
 ParOldGen       total 53248K, used 8228K [0x00000000a0000000, 0x00000000a3400000, 0x00000000e0000000)
  object space 53248K, 15% used [0x00000000a0000000,0x00000000a0809370,0x00000000a3400000)
 Metaspace       used 33717K, capacity 34352K, committed 34432K, reserved 1079296K
  class space    used 4794K, capacity 4966K, committed 4992K, reserved 1048576K
Event: 36.153 GC heap after
Heap after GC invocations=9 (full 1):
 PSYoungGen      total 113152K, used 10238K [0x00000000e0000000, 0x00000000e7d80000, 0x0000000100000000)
  eden space 102912K, 0% used [0x00000000e0000000,0x00000000e0000000,0x00000000e6480000)
  from space 10240K, 99% used [0x00000000e7000000,0x00000000e79ff9e8,0x00000000e7a00000)
  to   space 11776K, 0% used [0x00000000e6480000,0x00000000e6480000,0x00000000e7000000)
 ParOldGen       total 53248K, used 9140K [0x00000000a0000000, 0x00000000a3400000, 0x00000000e0000000)
  object space 53248K, 17% used [0x00000000a0000000,0x00000000a08ed088,0x00000000a3400000)
 Metaspace       used 33717K, capacity 34352K, committed 34432K, reserved 1079296K
  class space    used 4794K, capacity 4966K, committed 4992K, reserved 1048576K
}
Event: 36.307 GC heap before
{Heap before GC invocations=10 (full 1):
 PSYoungGen      total 113152K, used 17749K [0x00000000e0000000, 0x00000000e7d80000, 0x0000000100000000)
  eden space 102912K, 7% used [0x00000000e0000000,0x00000000e0755c40,0x00000000e6480000)
  from space 10240K, 99% used [0x00000000e7000000,0x00000000e79ff9e8,0x00000000e7a00000)
  to   space 11776K, 0% used [0x00000000e6480000,0x00000000e6480000,0x00000000e7000000)
 ParOldGen       total 53248K, used 9140K [0x00000000a0000000, 0x00000000a3400000, 0x00000000e0000000)
  object space 53248K, 17% used [0x00000000a0000000,0x00000000a08ed088,0x00000000a3400000)
 Metaspace       used 34817K, capacity 35408K, committed 35496K, reserved 1079296K
  class space    used 4899K, capacity 5062K, committed 5120K, reserved 1048576K
Event: 36.321 GC heap after
Heap after GC invocations=10 (full 1):
 PSYoungGen      total 114688K, used 6600K [0x00000000e0000000, 0x00000000eaf80000, 0x0000000100000000)
  eden space 102912K, 0% used [0x00000000e0000000,0x00000000e0000000,0x00000000e6480000)
  from space 11776K, 56% used [0x00000000e6480000,0x00000000e6af2008,0x00000000e7000000)
  to   space 11264K, 0% used [0x00000000ea480000,0x00000000ea480000,0x00000000eaf80000)
 ParOldGen       total 53248K, used 10980K [0x00000000a0000000, 0x00000000a3400000, 0x00000000e0000000)
  object space 53248K, 20% used [0x00000000a0000000,0x00000000a0ab9118,0x00000000a3400000)
 Metaspace       used 34817K, capacity 35408K, committed 35496K, reserved 1079296K
  class space    used 4899K, capacity 5062K, committed 5120K, reserved 1048576K
}
Event: 36.321 GC heap before
{Heap before GC invocations=11 (full 2):
 PSYoungGen      total 114688K, used 6600K [0x00000000e0000000, 0x00000000eaf80000, 0x0000000100000000)
  eden space 102912K, 0% used [0x00000000e0000000,0x00000000e0000000,0x00000000e6480000)
  from space 11776K, 56% used [0x00000000e6480000,0x00000000e6af2008,0x00000000e7000000)
  to   space 11264K, 0% used [0x00000000ea480000,0x00000000ea480000,0x00000000eaf80000)
 ParOldGen       total 53248K, used 10980K [0x00000000a0000000, 0x00000000a3400000, 0x00000000e0000000)
  object space 53248K, 20% used [0x00000000a0000000,0x00000000a0ab9118,0x00000000a3400000)
 Metaspace       used 34817K, capacity 35408K, committed 35496K, reserved 1079296K
  class space    used 4899K, capacity 5062K, committed 5120K, reserved 1048576K
Event: 36.456 GC heap after
Heap after GC invocations=11 (full 2):
 PSYoungGen      total 114688K, used 0K [0x00000000e0000000, 0x00000000eaf80000, 0x0000000100000000)
  eden space 102912K, 0% used [0x00000000e0000000,0x00000000e0000000,0x00000000e6480000)
  from space 11776K, 0% used [0x00000000e6480000,0x00000000e6480000,0x00000000e7000000)
  to   space 11264K, 0% used [0x00000000ea480000,0x00000000ea480000,0x00000000eaf80000)
 ParOldGen       total 69120K, used 14995K [0x00000000a0000000, 0x00000000a4380000, 0x00000000e0000000)
  object space 69120K, 21% used [0x00000000a0000000,0x00000000a0ea4c80,0x00000000a4380000)
 Metaspace       used 34817K, capacity 35408K, committed 35496K, reserved 1079296K
  class space    used 4899K, capacity 5062K, committed 5120K, reserved 1048576K
}

