# JRE version: Java(TM) SE Runtime Environment (8.0_144-b01) (build 1.8.0_144-b01)
# Java VM: Java HotSpot(TM) 64-Bit Server VM (25.144-b01 mixed mode windows-amd64 compressed oops)
Heap:
 PSYoungGen      total 283136K, used 94155K [0x00000000e0000000, 0x00000000f4a80000, 0x0000000100000000)
  eden space 259072K, 35% used [0x00000000e0000000,0x00000000e5949848,0x00000000efd00000)
  from space 24064K, 11% used [0x00000000f1c80000,0x00000000f1f29438,0x00000000f3400000)
  to   space 32256K, 0% used [0x00000000efd00000,0x00000000efd00000,0x00000000f1c80000)
 ParOldGen       total 132608K, used 50778K [0x00000000a0000000, 0x00000000a8180000, 0x00000000e0000000)
  object space 132608K, 38% used [0x00000000a0000000,0x00000000a3196968,0x00000000a8180000)
 Metaspace       used 82271K, capacity 84854K, committed 85376K, reserved 1124352K
  class space    used 10813K, capacity 11308K, committed 11392K, reserved 1048576K
GC Heap History (10 events):
Event: 2228.598 GC heap before
{Heap before GC invocations=20 (full 3):
 PSYoungGen      total 280576K, used 280439K [0x00000000e0000000, 0x00000000f3400000, 0x0000000100000000)
  eden space 256512K, 99% used [0x00000000e0000000,0x00000000efa627f0,0x00000000efa80000)
  from space 24064K, 99% used [0x00000000f1c80000,0x00000000f33fb5e8,0x00000000f3400000)
  to   space 28160K, 0% used [0x00000000efd00000,0x00000000efd00000,0x00000000f1880000)
 ParOldGen       total 104960K, used 62035K [0x00000000a0000000, 0x00000000a6680000, 0x00000000e0000000)
  object space 104960K, 59% used [0x00000000a0000000,0x00000000a3c94c78,0x00000000a6680000)
 Metaspace       used 81272K, capacity 83956K, committed 83968K, reserved 1122304K
  class space    used 10702K, capacity 11261K, committed 11264K, reserved 1048576K
Event: 2228.685 GC heap after
Heap after GC invocations=20 (full 3):
 PSYoungGen      total 284672K, used 28025K [0x00000000e0000000, 0x00000000f3400000, 0x0000000100000000)
  eden space 256512K, 0% used [0x00000000e0000000,0x00000000e0000000,0x00000000efa80000)
  from space 28160K, 99% used [0x00000000efd00000,0x00000000f185e668,0x00000000f1880000)
  to   space 24064K, 0% used [0x00000000f1c80000,0x00000000f1c80000,0x00000000f3400000)
 ParOldGen       total 132608K, used 123188K [0x00000000a0000000, 0x00000000a8180000, 0x00000000e0000000)
  object space 132608K, 92% used [0x00000000a0000000,0x00000000a784d350,0x00000000a8180000)
 Metaspace       used 81272K, capacity 83956K, committed 83968K, reserved 1122304K
  class space    used 10702K, capacity 11261K, committed 11264K, reserved 1048576K
}
Event: 2228.685 GC heap before
{Heap before GC invocations=21 (full 4):
 PSYoungGen      total 284672K, used 28025K [0x00000000e0000000, 0x00000000f3400000, 0x0000000100000000)
  eden space 256512K, 0% used [0x00000000e0000000,0x00000000e0000000,0x00000000efa80000)
  from space 28160K, 99% used [0x00000000efd00000,0x00000000f185e668,0x00000000f1880000)
  to   space 24064K, 0% used [0x00000000f1c80000,0x00000000f1c80000,0x00000000f3400000)
 ParOldGen       total 132608K, used 123188K [0x00000000a0000000, 0x00000000a8180000, 0x00000000e0000000)
  object space 132608K, 92% used [0x00000000a0000000,0x00000000a784d350,0x00000000a8180000)
 Metaspace       used 81272K, capacity 83956K, committed 83968K, reserved 1122304K
  class space    used 10702K, capacity 11261K, committed 11264K, reserved 1048576K
Event: 2229.810 GC heap after
Heap after GC invocations=21 (full 4):
 PSYoungGen      total 284672K, used 0K [0x00000000e0000000, 0x00000000f3400000, 0x0000000100000000)
  eden space 256512K, 0% used [0x00000000e0000000,0x00000000e0000000,0x00000000efa80000)
  from space 28160K, 0% used [0x00000000efd00000,0x00000000efd00000,0x00000000f1880000)
  to   space 24064K, 0% used [0x00000000f1c80000,0x00000000f1c80000,0x00000000f3400000)
 ParOldGen       total 132608K, used 116742K [0x00000000a0000000, 0x00000000a8180000, 0x00000000e0000000)
  object space 132608K, 88% used [0x00000000a0000000,0x00000000a7201908,0x00000000a8180000)
 Metaspace       used 80603K, capacity 82876K, committed 83968K, reserved 1122304K
  class space    used 10592K, capacity 11061K, committed 11264K, reserved 1048576K
}
Event: 2230.356 GC heap before
{Heap before GC invocations=22 (full 5):
 PSYoungGen      total 284672K, used 256359K [0x00000000e0000000, 0x00000000f3400000, 0x0000000100000000)
  eden space 256512K, 99% used [0x00000000e0000000,0x00000000efa59fa0,0x00000000efa80000)
  from space 28160K, 0% used [0x00000000efd00000,0x00000000efd00000,0x00000000f1880000)
  to   space 24064K, 0% used [0x00000000f1c80000,0x00000000f1c80000,0x00000000f3400000)
 ParOldGen       total 132608K, used 116742K [0x00000000a0000000, 0x00000000a8180000, 0x00000000e0000000)
  object space 132608K, 88% used [0x00000000a0000000,0x00000000a7201908,0x00000000a8180000)
 Metaspace       used 80689K, capacity 82920K, committed 83968K, reserved 1122304K
  class space    used 10608K, capacity 11073K, committed 11264K, reserved 1048576K
Event: 2230.883 GC heap after
Heap after GC invocations=22 (full 5):
 PSYoungGen      total 284672K, used 15711K [0x00000000e0000000, 0x00000000f3400000, 0x0000000100000000)
  eden space 256512K, 6% used [0x00000000e0000000,0x00000000e0f57e28,0x00000000efa80000)
  from space 28160K, 0% used [0x00000000efd00000,0x00000000efd00000,0x00000000f1880000)
  to   space 24064K, 0% used [0x00000000f1c80000,0x00000000f1c80000,0x00000000f3400000)
 ParOldGen       total 132608K, used 128411K [0x00000000a0000000, 0x00000000a8180000, 0x00000000e0000000)
  object space 132608K, 96% used [0x00000000a0000000,0x00000000a7d66c40,0x00000000a8180000)
 Metaspace       used 80689K, capacity 82920K, committed 83968K, reserved 1122304K
  class space    used 10608K, capacity 11073K, committed 11264K, reserved 1048576K
}
Event: 2231.097 GC heap before
{Heap before GC invocations=23 (full 6):
 PSYoungGen      total 284672K, used 256343K [0x00000000e0000000, 0x00000000f3400000, 0x0000000100000000)
  eden space 256512K, 99% used [0x00000000e0000000,0x00000000efa55da0,0x00000000efa80000)
  from space 28160K, 0% used [0x00000000efd00000,0x00000000efd00000,0x00000000f1880000)
  to   space 24064K, 0% used [0x00000000f1c80000,0x00000000f1c80000,0x00000000f3400000)
 ParOldGen       total 132608K, used 128411K [0x00000000a0000000, 0x00000000a8180000, 0x00000000e0000000)
  object space 132608K, 96% used [0x00000000a0000000,0x00000000a7d66c40,0x00000000a8180000)
 Metaspace       used 80701K, capacity 82920K, committed 83968K, reserved 1122304K
  class space    used 10608K, capacity 11073K, committed 11264K, reserved 1048576K
Event: 2231.250 GC heap after
Heap after GC invocations=23 (full 6):
 PSYoungGen      total 284672K, used 0K [0x00000000e0000000, 0x00000000f3400000, 0x0000000100000000)
  eden space 256512K, 0% used [0x00000000e0000000,0x00000000e0000000,0x00000000efa80000)
  from space 28160K, 0% used [0x00000000efd00000,0x00000000efd00000,0x00000000f1880000)
  to   space 24064K, 0% used [0x00000000f1c80000,0x00000000f1c80000,0x00000000f3400000)
 ParOldGen       total 132608K, used 50778K [0x00000000a0000000, 0x00000000a8180000, 0x00000000e0000000)
  object space 132608K, 38% used [0x00000000a0000000,0x00000000a3196968,0x00000000a8180000)
 Metaspace       used 80701K, capacity 82920K, committed 83968K, reserved 1122304K
  class space    used 10608K, capacity 11073K, committed 11264K, reserved 1048576K
}
Event: 2239.723 GC heap before
{Heap before GC invocations=24 (full 6):
 PSYoungGen      total 284672K, used 256512K [0x00000000e0000000, 0x00000000f3400000, 0x0000000100000000)
  eden space 256512K, 100% used [0x00000000e0000000,0x00000000efa80000,0x00000000efa80000)
  from space 28160K, 0% used [0x00000000efd00000,0x00000000efd00000,0x00000000f1880000)
  to   space 24064K, 0% used [0x00000000f1c80000,0x00000000f1c80000,0x00000000f3400000)
 ParOldGen       total 132608K, used 50778K [0x00000000a0000000, 0x00000000a8180000, 0x00000000e0000000)
  object space 132608K, 38% used [0x00000000a0000000,0x00000000a3196968,0x00000000a8180000)
 Metaspace       used 81374K, capacity 83828K, committed 84608K, reserved 1122304K
  class space    used 10716K, capacity 11207K, committed 11392K, reserved 1048576K
Event: 2239.732 GC heap after
Heap after GC invocations=24 (full 6):
 PSYoungGen      total 283136K, used 2725K [0x00000000e0000000, 0x00000000f4a80000, 0x0000000100000000)
  eden space 259072K, 0% used [0x00000000e0000000,0x00000000e0000000,0x00000000efd00000)
  from space 24064K, 11% used [0x00000000f1c80000,0x00000000f1f29438,0x00000000f3400000)
  to   space 32256K, 0% used [0x00000000efd00000,0x00000000efd00000,0x00000000f1c80000)
 ParOldGen       total 132608K, used 50778K [0x00000000a0000000, 0x00000000a8180000, 0x00000000e0000000)
  object space 132608K, 38% used [0x00000000a0000000,0x00000000a3196968,0x00000000a8180000)
 Metaspace       used 81374K, capacity 83828K, committed 84608K, reserved 1122304K
  class space    used 10716K, capacity 11207K, committed 11392K, reserved 1048576K
}

